<?xml version="1.0" encoding="UTF-8" ?>
<testsuites>
  <testsuite errors="0" failures="1" hostname="nitin-VAIO" id="0" name="GoogleTest" package="" skipped="0" tests="1" time="11.473" timestamp="2015-04-08T15:21:17">
      <properties>
[...]
</properties>

      <testcase classname="GoogleTest" name="testGoogleTestJunit" time="11.24">
          <failure message="expected:&lt;Google[ Ads]&gt; but was:&lt;Google[]&gt;" type="junit.framework.AssertionFailedError">junit.framework.AssertionFailedError: expected:&lt;Google[ Ads]&gt; but was:&lt;Google[]&gt;
	at GoogleTest.testGoogleTestJunit(GoogleTest.java:27)
</failure>

      </testcase>

      <system-out><![CDATA[]]></system-out>

      <system-err><![CDATA[]]></system-err>

  </testsuite>
</testsuites>
